Downloading https://services.gradle.org/distributions/gradle-8.9-bin.zip
............10%.............20%.............30%.............40%.............50%.............60%.............70%.............80%.............90%.............100%

Welcome to Gradle 8.9!

Here are the highlights of this release:
 - Enhanced Error and Warning Messages
 - IDE Integration Improvements
 - Daemon JVM Information

For more details see https://docs.gradle.org/8.9/release-notes.html

To honour the JVM settings for this build a single-use Daemon process will be forked. For more on this, please refer to https://docs.gradle.org/8.9/userguide/gradle_daemon.html#sec:disabling_the_daemon in the Gradle documentation.
Daemon will be stopped at the end of the build 

> Configure project :app
Checking the license for package NDK (Side by side) 27.0.12077973 in /usr/local/lib/android/sdk/licenses
License for package NDK (Side by side) 27.0.12077973 accepted.
Preparing "Install NDK (Side by side) 27.0.12077973 v.27.0.12077973".
"Install NDK (Side by side) 27.0.12077973 v.27.0.12077973" ready.
Installing NDK (Side by side) 27.0.12077973 in /usr/local/lib/android/sdk/ndk/27.0.12077973
"Install NDK (Side by side) 27.0.12077973 v.27.0.12077973" complete.
"Install NDK (Side by side) 27.0.12077973 v.27.0.12077973" finished.

> Task :app:preBuild UP-TO-DATE
> Task :app:preDebugBuild UP-TO-DATE
> Task :app:mergeDebugNativeDebugMetadata NO-SOURCE
> Task :app:checkKotlinGradlePluginConfigurationErrors SKIPPED
> Task :app:generateDebugBuildConfig
> Task :app:generateDebugResValues
> Task :app:checkDebugAarMetadata
> Task :app:mapDebugSourceSetPaths
> Task :app:generateDebugResources
> Task :app:packageDebugResources
> Task :app:mergeDebugResources
> Task :app:createDebugCompatibleScreenManifests
> Task :app:extractDeepLinksDebug
> Task :app:parseDebugLocalResources
> Task :app:processDebugMainManifest
> Task :app:processDebugManifest
> Task :app:processDebugManifestForPackage
> Task :app:javaPreCompileDebug
> Task :app:mergeDebugShaders
> Task :app:compileDebugShaders NO-SOURCE
> Task :app:generateDebugAssets UP-TO-DATE
> Task :app:mergeDebugAssets
> Task :app:desugarDebugFileDependencies
> Task :app:processDebugResources
> Task :app:compressDebugAssets
> Task :app:checkDebugDuplicateClasses
> Task :app:kspDebugKotlin
> Task :app:mergeExtDexDebug
> Task :app:mergeLibDexDebug

> Task :app:configureCMakeDebug[arm64-v8a]
Checking the license for package CMake 3.22.1 in /usr/local/lib/android/sdk/licenses
License for package CMake 3.22.1 accepted.
Preparing "Install CMake 3.22.1 v.3.22.1".
"Install CMake 3.22.1 v.3.22.1" ready.
Installing CMake 3.22.1 in /usr/local/lib/android/sdk/cmake/3.22.1
"Install CMake 3.22.1 v.3.22.1" complete.
"Install CMake 3.22.1 v.3.22.1" finished.

> Task :app:compileDebugKotlin
> Task :app:buildCMakeDebug[arm64-v8a]
> Task :app:mergeDebugJniLibFolders
> Task :app:mergeDebugNativeLibs
> Task :app:validateSigningDebug
> Task :app:writeDebugAppMetadata
> Task :app:writeDebugSigningConfigVersions
> Task :app:stripDebugDebugSymbols

> Task :app:compileDebugKotlin
w: file:///home/runner/work/quiet-studio/quiet-studio/app/src/main/java/com/quietstudio/core/media/Media3ExportEngine.kt:103:28 'constructor(p0: (MutableList<EditedMediaItem>..List<EditedMediaItem>)): EditedMediaItemSequence' is deprecated. Deprecated in Java.
w: file:///home/runner/work/quiet-studio/quiet-studio/app/src/main/java/com/quietstudio/core/media/Media3ExportEngine.kt:104:28 'constructor(p0: EditedMediaItem, vararg p1: EditedMediaItem): EditedMediaItemSequence' is deprecated. Deprecated in Java.

> Task :app:compileDebugJavaWithJavac
> Task :app:hiltAggregateDepsDebug
> Task :app:hiltJavaCompileDebug
> Task :app:processDebugJavaRes
> Task :app:transformDebugClassesWithAsm
> Task :app:mergeDebugJavaResource
> Task :app:dexBuilderDebug
> Task :app:mergeDebugGlobalSynthetics
> Task :app:mergeProjectDexDebug
> Task :app:packageDebug
> Task :app:createDebugApkListingFileRedirect
> Task :app:assembleDebug

BUILD SUCCESSFUL in 4m 41s
43 actionable tasks: 43 executed
